2026-01-12 17:24:31,148 INFO 使用并发爬取: workers=3
2026-01-12 17:24:31,304 INFO 已下载图片: 1445_1_06521b018a.png
2026-01-12 17:28:10,871 INFO 使用并发爬取: workers=3
2026-01-12 17:28:11,722 INFO 已下载图片: 1445_1_06521b018a.png
2026-01-12 17:28:12,338 INFO 已下载图片: 1447_1_f2a07a9359.gif
2026-01-12 17:28:12,391 INFO 已下载图片: 1448_1_26abaf3c93.jpg
2026-01-12 17:28:12,395 INFO 已下载图片: 1447_2_7c5d274324.gif
2026-01-12 17:28:13,353 INFO 已保存中间 JSON 文件: problems_1440_1449.json
2026-01-12 17:36:20,856 INFO 使用并发爬取: workers=3
2026-01-12 17:36:22,281 INFO 已下载图片: 1445_1_06521b018a.png
2026-01-12 17:36:22,937 INFO 已下载图片: 1447_1_f2a07a9359.gif
2026-01-12 17:36:22,950 INFO 已下载图片: 1448_1_26abaf3c93.jpg
2026-01-12 17:36:22,950 INFO 已创建兼容图片副本: 1447.gif
2026-01-12 17:36:22,954 INFO 已创建兼容图片副本: 1448.jpg
2026-01-12 17:36:23,003 INFO 已下载图片: 1447_2_7c5d274324.gif
2026-01-12 17:36:30,876 WARNING Retrying (Retry(total=4, connect=None, read=None, redirect=None, status=None)) after connection broken by 'ConnectTimeoutError(<urllib3.connection.HTTPConnection object at 0x000001E5DD273290>, 'Connection to ybt.ssoier.cn timed out. (connect timeout=10)')': /problem_show.php?pid=1442
2026-01-12 17:36:31,504 INFO 已保存中间 JSON 文件: problems_1440_1449.json
2026-01-12 17:38:41,851 INFO 使用并发爬取: workers=3
2026-01-12 17:38:42,669 INFO 已下载图片: 1445_1_06521b018a.png
2026-01-12 17:38:43,313 INFO 已下载图片: 1447_1_f2a07a9359.gif
2026-01-12 17:38:43,333 INFO 已下载图片: 1448_1_26abaf3c93.jpg
2026-01-12 17:38:43,359 INFO 已下载图片: 1447_2_7c5d274324.gif
2026-01-12 17:38:44,347 INFO 已保存中间 JSON 文件: problems_1440_1449.json
2026-01-12 17:41:21,284 INFO 使用并发爬取: workers=3
2026-01-12 17:41:22,107 INFO 已下载图片: 1445_1_06521b018a.png
2026-01-12 17:41:22,756 INFO 已下载图片: 1447_1_f2a07a9359.gif
2026-01-12 17:41:22,767 INFO 已下载图片: 1448_1_26abaf3c93.jpg
2026-01-12 17:41:22,809 INFO 已下载图片: 1447_2_7c5d274324.gif
2026-01-12 17:41:23,784 INFO 已保存中间 JSON 文件: problems_1440_1449.json
2026-01-12 17:42:34,124 INFO 使用并发爬取: workers=3
2026-01-12 17:42:34,929 INFO 已下载图片: 1445_1_06521b018a.png
2026-01-12 17:42:35,581 INFO 已下载图片: 1447_1_f2a07a9359.gif
2026-01-12 17:42:35,596 INFO 已下载图片: 1448_1_26abaf3c93.jpg
2026-01-12 17:42:35,628 INFO 已下载图片: 1447_2_7c5d274324.gif
2026-01-12 17:42:36,628 INFO 已保存中间 JSON 文件: problems_1440_1449.json
2026-01-13 00:45:31,711 INFO 已保存 JSON: problems_1445_1445.json
2026-01-13 00:46:00,468 INFO 已保存 JSON: problems_1445_1445.json
2026-01-13 00:46:35,881 INFO 已保存 JSON: problems_1445_1445.json
2026-01-13 00:46:47,383 INFO 已下载图片: 1445_1_06521b018a.png
2026-01-13 00:46:47,386 INFO 已创建兼容图片副本: 1445.png
2026-01-13 00:46:48,389 INFO 已保存 JSON: problems_1445_1445.json
2026-01-13 00:47:03,053 INFO 使用并发： workers=2
2026-01-13 00:47:03,255 INFO 已下载图片: 1445_1_06521b018a.png
2026-01-13 00:47:03,465 INFO 已下载图片: 1447_1_f2a07a9359.gif
2026-01-13 00:47:03,642 INFO 已下载图片: 1447_2_7c5d274324.gif
2026-01-13 00:47:03,645 INFO 已保存 JSON: problems_1445_1447.json
2026-01-13 00:47:20,482 INFO 从JSON恢复，已跳过 3 项
2026-01-13 00:47:31,586 INFO 已下载图片: 1445_1_06521b018a.png
2026-01-13 00:47:34,003 INFO 已下载图片: 1447_1_f2a07a9359.gif
2026-01-13 00:47:34,196 INFO 已下载图片: 1447_2_7c5d274324.gif
2026-01-13 00:47:35,445 INFO 已下载图片: 1448_1_26abaf3c93.jpg
2026-01-13 00:47:37,900 INFO 已下载图片: 1450_1_f94ef0d37e.png
2026-01-13 00:47:37,910 INFO 已创建兼容图片副本: 1450.png
2026-01-13 00:47:38,914 INFO 已保存 JSON: problems_1445_1450.json
2026-01-13 00:48:10,489 INFO 已下载图片: 1501_1_83b046d671.gif
2026-01-13 00:48:10,491 INFO 已创建兼容图片副本: 1501.gif
2026-01-13 00:48:11,806 INFO 已下载图片: 1502_1_50c2cc090b.png
2026-01-13 00:48:11,816 INFO 已创建兼容图片副本: 1502.png
2026-01-13 00:48:12,818 INFO 已保存 JSON: problems_1500_1502.json
2026-01-13 00:48:19,388 INFO --json-only 模式：仅基于现有 JSON problems_1500_1502.json 生成 SQL
2026-01-13 00:48:19,389 ERROR 写入 JSON 失败
Traceback (most recent call last):
  File "G:\oj题库\pachong\yibentong.py", line 492, in main
    dump = {str(k): v for k,v in sorted(all_problems.items())}
                                 ^^^^^^^^^^^^^^^^^^^^^^^^^^^^
TypeError: '<' not supported between instances of 'int' and 'str'
2026-01-13 00:48:48,314 INFO --json-only 模式：仅基于现有 JSON problems_1500_1502.json 生成 SQL
2026-01-13 00:48:48,316 INFO 已保存 JSON: problems_1500_1502.json
2026-01-13 00:49:11,214 INFO 已保存 JSON: problems_1510_1511.json
2026-01-13 00:49:11,918 INFO 使用并发： workers=2
2026-01-13 00:49:12,160 INFO 已保存 JSON: problems_1512_1514.json
2026-01-13 00:49:12,907 INFO 从JSON恢复，已跳过 3 项
2026-01-13 00:49:13,584 INFO --json-only 模式：仅基于现有 JSON problems_1512_1514.json 生成 SQL
2026-01-13 00:49:13,585 INFO 已保存 JSON: problems_1512_1514.json
2026-01-13 00:51:36,090 INFO 已下载图片: 1520_1_9de304dadd.png
2026-01-13 00:51:36,126 INFO 已创建兼容图片副本: 1520.png
2026-01-13 00:51:37,130 INFO 已保存 JSON: problems_1520_1520.json
2026-01-13 00:58:58,747 INFO 已保存 JSON: problems_1530_1530.json
